[2025-06-15 17:51:26,138] 77 root - INFO - Loading callbacks for model training...
[2025-06-15 17:51:26,138] 33 root - INFO - *******************
[2025-06-15 17:51:26,139] 34 root - INFO - >>>>>> stage Model Training started <<<<<<
[2025-06-15 17:51:26,161] 32 root - INFO - yaml file: config\config.yaml loaded successfully
[2025-06-15 17:51:26,163] 32 root - INFO - yaml file: params.yaml loaded successfully
[2025-06-15 17:51:26,164] 52 root - INFO - created directory at: artifacts
[2025-06-15 17:51:26,164] 52 root - INFO - created directory at: artifacts\training
[2025-06-15 17:51:26,164] 52 root - INFO - created directory at: Model
[2025-06-15 17:51:26,303] 37 root - INFO - Creating validation and training data generators...
[2025-06-15 17:51:26,345] 49 root - INFO - Creating training data generator with augmentation...
[2025-06-15 17:51:26,472] 91 root - INFO - Starting model training...
[2025-06-15 17:51:26,473] 94 root - INFO - Steps per epoch: 130, Validation steps: 32
[2025-06-15 17:51:26,473] 97 root - INFO - Fitting the model...
[2025-06-15 17:51:26,473] 17 root - INFO - Creating callbacks for model training...
[2025-06-15 17:51:26,473] 21 root - INFO - Model directory created at: Model\train_model.h5
[2025-06-15 17:51:26,474] 24 root - INFO - Creating EarlyStopping
[2025-06-15 17:51:26,474] 34 root - INFO - Creating ReduceLROnPlateau
[2025-06-15 17:51:26,474] 44 root - INFO - Creating ModelCheckpoint
[2025-06-15 17:51:26,474] 55 root - INFO - Returning the list of callbacks.
[2025-06-15 17:51:26,474] 56 root - INFO - Callbacks: [<keras.callbacks.EarlyStopping object at 0x0000019DCD297910>, <keras.callbacks.ReduceLROnPlateau object at 0x0000019DCD2977F0>, <keras.callbacks.ModelCheckpoint object at 0x0000019DCD297BE0>]
[2025-06-15 17:51:26,475] 57 root - INFO - Callbacks creation completed.
[2025-06-15 17:51:26,475] 60 root - INFO - Callbacks list: [<keras.callbacks.EarlyStopping object at 0x0000019DCD297910>, <keras.callbacks.ReduceLROnPlateau object at 0x0000019DCD2977F0>, <keras.callbacks.ModelCheckpoint object at 0x0000019DCD297BE0>]
[2025-06-15 17:58:58,737] 37 root - INFO - >>>>>> stage Model Training completed <<<<<<

x==========x
