[2025-06-15 17:32:19,209] 77 root - INFO - Loading callbacks for model training...
[2025-06-15 17:32:19,209] 33 root - INFO - *******************
[2025-06-15 17:32:19,210] 34 root - INFO - >>>>>> stage Model Training started <<<<<<
[2025-06-15 17:32:19,212] 32 root - INFO - yaml file: config\config.yaml loaded successfully
[2025-06-15 17:32:19,214] 32 root - INFO - yaml file: params.yaml loaded successfully
[2025-06-15 17:32:19,215] 52 root - INFO - created directory at: artifacts
[2025-06-15 17:32:19,215] 52 root - INFO - created directory at: artifacts\training
[2025-06-15 17:32:19,354] 37 root - INFO - Creating validation and training data generators...
[2025-06-15 17:32:19,394] 49 root - INFO - Creating training data generator with augmentation...
[2025-06-15 17:32:19,522] 91 root - INFO - Starting model training...
[2025-06-15 17:32:19,523] 94 root - INFO - Steps per epoch: 130, Validation steps: 32
[2025-06-15 17:32:19,523] 97 root - INFO - Fitting the model...
[2025-06-15 17:32:19,523] 17 root - INFO - Creating callbacks for model training...
[2025-06-15 17:32:19,523] 21 root - INFO - Model directory created at: artifacts\training\best_train_model.h5
[2025-06-15 17:32:19,524] 24 root - INFO - Creating EarlyStopping
[2025-06-15 17:32:19,524] 34 root - INFO - Creating ReduceLROnPlateau
[2025-06-15 17:32:19,524] 44 root - INFO - Creating ModelCheckpoint
[2025-06-15 17:32:19,524] 55 root - INFO - Returning the list of callbacks.
[2025-06-15 17:32:19,524] 56 root - INFO - Callbacks: [<keras.callbacks.EarlyStopping object at 0x000001623ECAA7D0>, <keras.callbacks.ReduceLROnPlateau object at 0x000001623ECAA3E0>, <keras.callbacks.ModelCheckpoint object at 0x000001623ED83B80>]
[2025-06-15 17:32:19,525] 57 root - INFO - Callbacks creation completed.
[2025-06-15 17:32:19,525] 60 root - INFO - Callbacks list: [<keras.callbacks.EarlyStopping object at 0x000001623ECAA7D0>, <keras.callbacks.ReduceLROnPlateau object at 0x000001623ECAA3E0>, <keras.callbacks.ModelCheckpoint object at 0x000001623ED83B80>]
