[2025-06-15 17:28:50,252] 77 root - INFO - Loading callbacks for model training...
[2025-06-15 17:28:50,252] 33 root - INFO - *******************
[2025-06-15 17:28:50,252] 34 root - INFO - >>>>>> stage Model Training started <<<<<<
[2025-06-15 17:28:50,255] 32 root - INFO - yaml file: config\config.yaml loaded successfully
[2025-06-15 17:28:50,257] 32 root - INFO - yaml file: params.yaml loaded successfully
[2025-06-15 17:28:50,257] 52 root - INFO - created directory at: artifacts
[2025-06-15 17:28:50,258] 52 root - INFO - created directory at: artifacts\training
[2025-06-15 17:28:50,428] 37 root - INFO - Creating validation and training data generators...
[2025-06-15 17:28:50,470] 49 root - INFO - Creating training data generator with augmentation...
[2025-06-15 17:28:50,604] 91 root - INFO - Starting model training...
[2025-06-15 17:28:50,605] 94 root - INFO - Steps per epoch: 130, Validation steps: 32
[2025-06-15 17:28:50,605] 97 root - INFO - Fitting the model...
[2025-06-15 17:28:50,605] 17 root - INFO - Creating callbacks for model training...
[2025-06-15 17:28:50,605] 21 root - INFO - Model directory created at: artifacts\training\best_train_model.h5
[2025-06-15 17:28:50,605] 24 root - INFO - Creating EarlyStopping
[2025-06-15 17:28:50,606] 34 root - INFO - Creating ReduceLROnPlateau
[2025-06-15 17:28:50,606] 44 root - INFO - Creating ModelCheckpoint
[2025-06-15 17:28:50,606] 55 root - INFO - Returning the list of callbacks.
[2025-06-15 17:28:50,606] 56 root - INFO - Callbacks: [<keras.callbacks.EarlyStopping object at 0x00000232CDD1BAF0>, <keras.callbacks.ReduceLROnPlateau object at 0x00000232CDD1BF70>, <keras.callbacks.ModelCheckpoint object at 0x00000232CDE275E0>]
[2025-06-15 17:28:50,606] 57 root - INFO - Callbacks creation completed.
[2025-06-15 17:28:50,606] 60 root - INFO - Callbacks list: [<keras.callbacks.EarlyStopping object at 0x00000232CDD1BAF0>, <keras.callbacks.ReduceLROnPlateau object at 0x00000232CDD1BF70>, <keras.callbacks.ModelCheckpoint object at 0x00000232CDE275E0>]
