[2025-06-15 18:29:20,273] 75 root - INFO - Loading callbacks for model training...
[2025-06-15 18:29:20,274] 22 root - INFO - 
****************************************
[2025-06-15 18:29:20,274] 23 root - INFO - >>>>>> Stage Prepare base model started <<<<<<
[2025-06-15 18:29:20,277] 32 root - INFO - yaml file: config\config.yaml loaded successfully
[2025-06-15 18:29:20,278] 32 root - INFO - yaml file: params.yaml loaded successfully
[2025-06-15 18:29:20,279] 52 root - INFO - created directory at: artifacts
[2025-06-15 18:29:20,279] 52 root - INFO - created directory at: artifacts/prepare_base_model
[2025-06-15 18:29:20,280] 14 root - INFO - Creating base model with input shape: (128, 128, 3)
[2025-06-15 18:29:20,396] 35 root - INFO - Base model created successfully
[2025-06-15 18:29:20,401] 36 root - INFO - Base model summary:
None
[2025-06-15 18:29:20,402] 359 tensorflow - WARNING - Compiled the loaded model, but the compiled metrics have yet to be built. `model.compile_metrics` will be empty until you train or evaluate the model.
[2025-06-15 18:29:20,448] 87 root - INFO - Model saved to artifacts\prepare_base_model\base_model.h5
[2025-06-15 18:29:20,448] 41 root - INFO - Base model saved to artifacts\prepare_base_model\base_model.h5
[2025-06-15 18:29:20,449] 47 root - INFO - Updating base model with additional layers
[2025-06-15 18:29:20,487] 65 root - INFO - Full model created with custom layers
[2025-06-15 18:29:20,496] 66 root - INFO - Full model summary:
None
[2025-06-15 18:29:20,548] 87 root - INFO - Model saved to artifacts\prepare_base_model\base_model_updated.h5
[2025-06-15 18:29:20,548] 81 root - INFO - Updated base model saved to artifacts\prepare_base_model\base_model_updated.h5
[2025-06-15 18:29:20,549] 26 root - INFO - >>>>>> Stage Prepare base model completed <<<<<<
xxxxxxxxxxxxxxxxxxxxxxxxxxxxxxxxxxxxxxxx
[2025-06-15 18:29:20,549] 33 root - INFO - *******************
[2025-06-15 18:29:20,549] 34 root - INFO - >>>>>> stage Model Training started <<<<<<
[2025-06-15 18:29:20,552] 32 root - INFO - yaml file: config\config.yaml loaded successfully
[2025-06-15 18:29:20,554] 32 root - INFO - yaml file: params.yaml loaded successfully
[2025-06-15 18:29:20,554] 52 root - INFO - created directory at: artifacts
[2025-06-15 18:29:20,555] 52 root - INFO - created directory at: artifacts\training
[2025-06-15 18:29:20,556] 52 root - INFO - created directory at: Model
[2025-06-15 18:29:20,695] 36 root - INFO - Creating validation and training data generators...
[2025-06-15 18:29:20,736] 47 root - INFO - Creating training data generator with augmentation...
[2025-06-15 18:29:20,972] 99 root - INFO - Starting model training...
[2025-06-15 18:29:20,973] 102 root - INFO - Steps per epoch: 163, Validation steps: 19
[2025-06-15 18:29:20,973] 105 root - INFO - Fitting the model...
[2025-06-15 18:29:20,973] 19 root - INFO - Creating callbacks for model training...
[2025-06-15 18:29:20,974] 23 root - INFO - Model directory created at: Model\train_model.h5
[2025-06-15 18:29:20,974] 26 root - INFO - Creating EarlyStopping
[2025-06-15 18:29:20,975] 36 root - INFO - Creating ReduceLROnPlateau
[2025-06-15 18:29:20,975] 46 root - INFO - Creating ModelCheckpoint
[2025-06-15 18:29:20,975] 57 root - INFO - Returning the list of callbacks.
[2025-06-15 18:29:20,975] 58 root - INFO - Callbacks: [<keras.callbacks.EarlyStopping object at 0x000001B52DAA76D0>, <keras.callbacks.ReduceLROnPlateau object at 0x000001B52DAA7910>, <keras.callbacks.ModelCheckpoint object at 0x000001B52DAA7490>]
[2025-06-15 18:29:20,975] 59 root - INFO - Callbacks creation completed.
[2025-06-15 18:29:20,976] 62 root - INFO - Callbacks list: [<keras.callbacks.EarlyStopping object at 0x000001B52DAA76D0>, <keras.callbacks.ReduceLROnPlateau object at 0x000001B52DAA7910>, <keras.callbacks.ModelCheckpoint object at 0x000001B52DAA7490>]
[2025-06-15 18:29:20,976] 87 root - INFO - Calculating class weights for imbalanced dataset...
[2025-06-15 18:29:20,976] 74 root - INFO - ClassWeightCalculator initialized.
[2025-06-15 18:29:21,130] 91 root - INFO - Computed class weights: {0: 1.9448173005219984, 1: 0.6730322580645162}
[2025-06-15 18:29:21,131] 92 root - INFO - Class weights computed successfully.
[2025-06-15 18:42:16,853] 37 root - INFO - >>>>>> stage Model Training completed <<<<<<

x==========x
